执行日期：2017-06-24-16：49：35
【接收到的notify通知】:
<xml><return_code><![CDATA[SUCCESS]]></return_code></xml>


执行日期：2017-06-24-16：49：35
【支付成功】:
<xml><appid><![CDATA[wx82f96da4bdf876f7]]></appid>
<bank_type><![CDATA[CMB_CREDIT]]></bank_type>
<cash_fee><![CDATA[1]]></cash_fee>
<fee_type><![CDATA[CNY]]></fee_type>
<is_subscribe><![CDATA[Y]]></is_subscribe>
<mch_id><![CDATA[1467802102]]></mch_id>
<nonce_str><![CDATA[bt0cd546v6ysyt12vsc7nb0mllsffqe8]]></nonce_str>
<openid><![CDATA[oZpwf01K2-n9c7v9wH1Tg_sb4bRc]]></openid>
<out_trade_no><![CDATA[G608905744148561]]></out_trade_no>
<result_code><![CDATA[SUCCESS]]></result_code>
<return_code><![CDATA[SUCCESS]]></return_code>
<sign><![CDATA[190AF0FD29F982EBE987CAAC883F710D]]></sign>
<time_end><![CDATA[20170624164901]]></time_end>
<total_fee>1</total_fee>
<trade_type><![CDATA[JSAPI]]></trade_type>
<transaction_id><![CDATA[4009652001201706247212270230]]></transaction_id>
</xml>


执行日期：2017-06-24-16：49：35
【支付成功】:
G608905744148561


执行日期：2017-06-24-16：50：07
【接收到的notify通知】:
<xml><return_code><![CDATA[SUCCESS]]></return_code></xml>


执行日期：2017-06-24-16：50：07
【支付成功】:
<xml><appid><![CDATA[wx82f96da4bdf876f7]]></appid>
<bank_type><![CDATA[CMB_CREDIT]]></bank_type>
<cash_fee><![CDATA[1]]></cash_fee>
<fee_type><![CDATA[CNY]]></fee_type>
<is_subscribe><![CDATA[Y]]></is_subscribe>
<mch_id><![CDATA[1467802102]]></mch_id>
<nonce_str><![CDATA[bt0cd546v6ysyt12vsc7nb0mllsffqe8]]></nonce_str>
<openid><![CDATA[oZpwf01K2-n9c7v9wH1Tg_sb4bRc]]></openid>
<out_trade_no><![CDATA[G608905744148561]]></out_trade_no>
<result_code><![CDATA[SUCCESS]]></result_code>
<return_code><![CDATA[SUCCESS]]></return_code>
<sign><![CDATA[190AF0FD29F982EBE987CAAC883F710D]]></sign>
<time_end><![CDATA[20170624164901]]></time_end>
<total_fee>1</total_fee>
<trade_type><![CDATA[JSAPI]]></trade_type>
<transaction_id><![CDATA[4009652001201706247212270230]]></transaction_id>
</xml>


执行日期：2017-06-24-16：50：07
【支付成功】:
G608905744148561


执行日期：2017-06-24-16：50：14
【接收到的notify通知】:
<xml><return_code><![CDATA[SUCCESS]]></return_code></xml>


执行日期：2017-06-24-16：50：14
【支付成功】:
<xml><appid><![CDATA[wx82f96da4bdf876f7]]></appid>
<bank_type><![CDATA[CMB_CREDIT]]></bank_type>
<cash_fee><![CDATA[1]]></cash_fee>
<fee_type><![CDATA[CNY]]></fee_type>
<is_subscribe><![CDATA[Y]]></is_subscribe>
<mch_id><![CDATA[1467802102]]></mch_id>
<nonce_str><![CDATA[2nz7oxbdcfp94vgrlnkrwolaujqbd4xe]]></nonce_str>
<openid><![CDATA[oZpwf01K2-n9c7v9wH1Tg_sb4bRc]]></openid>
<out_trade_no><![CDATA[G608905744148565]]></out_trade_no>
<result_code><![CDATA[SUCCESS]]></result_code>
<return_code><![CDATA[SUCCESS]]></return_code>
<sign><![CDATA[BA1747250902FEF13BE95757BB856CE1]]></sign>
<time_end><![CDATA[20170624164606]]></time_end>
<total_fee>1</total_fee>
<trade_type><![CDATA[JSAPI]]></trade_type>
<transaction_id><![CDATA[4009652001201706247214824262]]></transaction_id>
</xml>


执行日期：2017-06-24-16：50：14
【支付成功】:
G608905744148565


执行日期：2017-06-24-16：51：49
【接收到的notify通知】:
<xml><return_code><![CDATA[SUCCESS]]></return_code></xml>


执行日期：2017-06-24-16：51：49
【支付成功】:
<xml><appid><![CDATA[wx82f96da4bdf876f7]]></appid>
<bank_type><![CDATA[CMB_CREDIT]]></bank_type>
<cash_fee><![CDATA[1]]></cash_fee>
<fee_type><![CDATA[CNY]]></fee_type>
<is_subscribe><![CDATA[Y]]></is_subscribe>
<mch_id><![CDATA[1467802102]]></mch_id>
<nonce_str><![CDATA[2zbidroe56aomr7ihn1dyo171ibf9731]]></nonce_str>
<openid><![CDATA[oZpwf01K2-n9c7v9wH1Tg_sb4bRc]]></openid>
<out_trade_no><![CDATA[G6089057441456781498292261]]></out_trade_no>
<result_code><![CDATA[SUCCESS]]></result_code>
<return_code><![CDATA[SUCCESS]]></return_code>
<sign><![CDATA[BF08F40A3D7BFB4F52EA752A15610D7A]]></sign>
<time_end><![CDATA[20170624161745]]></time_end>
<total_fee>1</total_fee>
<trade_type><![CDATA[JSAPI]]></trade_type>
<transaction_id><![CDATA[4009652001201706247213121693]]></transaction_id>
</xml>


执行日期：2017-06-24-16：51：49
【支付成功】:
G6089057441456781498292261


执行日期：2017-06-24-16：53：10
【接收到的notify通知】:
<xml><return_code><![CDATA[SUCCESS]]></return_code></xml>


执行日期：2017-06-24-16：53：10
【支付成功】:
<xml><appid><![CDATA[wx82f96da4bdf876f7]]></appid>
<bank_type><![CDATA[CMB_CREDIT]]></bank_type>
<cash_fee><![CDATA[1]]></cash_fee>
<fee_type><![CDATA[CNY]]></fee_type>
<is_subscribe><![CDATA[Y]]></is_subscribe>
<mch_id><![CDATA[1467802102]]></mch_id>
<nonce_str><![CDATA[bt0cd546v6ysyt12vsc7nb0mllsffqe8]]></nonce_str>
<openid><![CDATA[oZpwf01K2-n9c7v9wH1Tg_sb4bRc]]></openid>
<out_trade_no><![CDATA[G608905744148561]]></out_trade_no>
<result_code><![CDATA[SUCCESS]]></result_code>
<return_code><![CDATA[SUCCESS]]></return_code>
<sign><![CDATA[190AF0FD29F982EBE987CAAC883F710D]]></sign>
<time_end><![CDATA[20170624164901]]></time_end>
<total_fee>1</total_fee>
<trade_type><![CDATA[JSAPI]]></trade_type>
<transaction_id><![CDATA[4009652001201706247212270230]]></transaction_id>
</xml>


执行日期：2017-06-24-16：53：10
【支付成功】:
G608905744148561


执行日期：2017-06-24-16：54：54
【支付成功】:
<xml><appid><![CDATA[wx82f96da4bdf876f7]]></appid>
<bank_type><![CDATA[CMB_CREDIT]]></bank_type>
<cash_fee><![CDATA[1]]></cash_fee>
<fee_type><![CDATA[CNY]]></fee_type>
<is_subscribe><![CDATA[Y]]></is_subscribe>
<mch_id><![CDATA[1467802102]]></mch_id>
<nonce_str><![CDATA[90ud24jeupmn228oo5qg484ng698hklo]]></nonce_str>
<openid><![CDATA[oZpwf01K2-n9c7v9wH1Tg_sb4bRc]]></openid>
<out_trade_no><![CDATA[G6089057441456781498290647]]></out_trade_no>
<result_code><![CDATA[SUCCESS]]></result_code>
<return_code><![CDATA[SUCCESS]]></return_code>
<sign><![CDATA[C9B26E5AB246204B1A766EBD4A62E4EE]]></sign>
<time_end><![CDATA[20170624155052]]></time_end>
<total_fee>1</total_fee>
<trade_type><![CDATA[JSAPI]]></trade_type>
<transaction_id><![CDATA[4009652001201706247204293469]]></transaction_id>
</xml>


执行日期：2017-06-24-16：57：36
【支付成功】:
<xml><appid><![CDATA[wx82f96da4bdf876f7]]></appid>
<bank_type><![CDATA[CMB_CREDIT]]></bank_type>
<cash_fee><![CDATA[1]]></cash_fee>
<fee_type><![CDATA[CNY]]></fee_type>
<is_subscribe><![CDATA[Y]]></is_subscribe>
<mch_id><![CDATA[1467802102]]></mch_id>
<nonce_str><![CDATA[r1ipmg9mmkyl63tzn7w30de2tp2ds7xg]]></nonce_str>
<openid><![CDATA[oZpwf01K2-n9c7v9wH1Tg_sb4bRc]]></openid>
<out_trade_no><![CDATA[G6089057441456781498290803]]></out_trade_no>
<result_code><![CDATA[SUCCESS]]></result_code>
<return_code><![CDATA[SUCCESS]]></return_code>
<sign><![CDATA[3C9E9DABF1E28182B951DF024FFDBA57]]></sign>
<time_end><![CDATA[20170624155326]]></time_end>
<total_fee>1</total_fee>
<trade_type><![CDATA[JSAPI]]></trade_type>
<transaction_id><![CDATA[4009652001201706247208411298]]></transaction_id>
</xml>


执行日期：2017-06-24-16：59：21
【支付成功】:
<xml><appid><![CDATA[wx82f96da4bdf876f7]]></appid>
<bank_type><![CDATA[CMB_CREDIT]]></bank_type>
<cash_fee><![CDATA[1]]></cash_fee>
<fee_type><![CDATA[CNY]]></fee_type>
<is_subscribe><![CDATA[Y]]></is_subscribe>
<mch_id><![CDATA[1467802102]]></mch_id>
<nonce_str><![CDATA[quhvxqjj204yd4ao1y7s75ds0suyahma]]></nonce_str>
<openid><![CDATA[oZpwf01K2-n9c7v9wH1Tg_sb4bRc]]></openid>
<out_trade_no><![CDATA[G6089057441456781498290909]]></out_trade_no>
<result_code><![CDATA[SUCCESS]]></result_code>
<return_code><![CDATA[SUCCESS]]></return_code>
<sign><![CDATA[E0201132C50AA0124970C7D1C785B5EC]]></sign>
<time_end><![CDATA[20170624155512]]></time_end>
<total_fee>1</total_fee>
<trade_type><![CDATA[JSAPI]]></trade_type>
<transaction_id><![CDATA[4009652001201706247210406154]]></transaction_id>
</xml>


执行日期：2017-06-24 17：07：06
【支付成功】:
<xml><appid><![CDATA[wx82f96da4bdf876f7]]></appid>
<bank_type><![CDATA[CMB_CREDIT]]></bank_type>
<cash_fee><![CDATA[1]]></cash_fee>
<fee_type><![CDATA[CNY]]></fee_type>
<is_subscribe><![CDATA[Y]]></is_subscribe>
<mch_id><![CDATA[1467802102]]></mch_id>
<nonce_str><![CDATA[56vve1fe8yjzgbsf3l0fa7bp0p2kka0l]]></nonce_str>
<openid><![CDATA[oZpwf01K2-n9c7v9wH1Tg_sb4bRc]]></openid>
<out_trade_no><![CDATA[G6089057441456781498291376]]></out_trade_no>
<result_code><![CDATA[SUCCESS]]></result_code>
<return_code><![CDATA[SUCCESS]]></return_code>
<sign><![CDATA[4AC6CF1A2281C208D4B9E2A26461427C]]></sign>
<time_end><![CDATA[20170624160300]]></time_end>
<total_fee>1</total_fee>
<trade_type><![CDATA[JSAPI]]></trade_type>
<transaction_id><![CDATA[4009652001201706247210616392]]></transaction_id>
</xml>


执行日期：2017-06-24 17：09：45
【支付成功】:
<xml><appid><![CDATA[wx82f96da4bdf876f7]]></appid>
<bank_type><![CDATA[CMB_CREDIT]]></bank_type>
<cash_fee><![CDATA[1]]></cash_fee>
<fee_type><![CDATA[CNY]]></fee_type>
<is_subscribe><![CDATA[Y]]></is_subscribe>
<mch_id><![CDATA[1467802102]]></mch_id>
<nonce_str><![CDATA[20hg1tc5xax8tpvznmt5k9wwb44852q0]]></nonce_str>
<openid><![CDATA[oZpwf01K2-n9c7v9wH1Tg_sb4bRc]]></openid>
<out_trade_no><![CDATA[G6089057441456781498291537]]></out_trade_no>
<result_code><![CDATA[SUCCESS]]></result_code>
<return_code><![CDATA[SUCCESS]]></return_code>
<sign><![CDATA[7D6972B05C5F7C45F6D75C0C01B1221A]]></sign>
<time_end><![CDATA[20170624160540]]></time_end>
<total_fee>1</total_fee>
<trade_type><![CDATA[JSAPI]]></trade_type>
<transaction_id><![CDATA[4009652001201706247212730007]]></transaction_id>
</xml>


执行日期：2017-06-24 17：11：13
【支付成功】:
<xml><appid><![CDATA[wx82f96da4bdf876f7]]></appid>
<bank_type><![CDATA[CMB_CREDIT]]></bank_type>
<cash_fee><![CDATA[1]]></cash_fee>
<fee_type><![CDATA[CNY]]></fee_type>
<is_subscribe><![CDATA[Y]]></is_subscribe>
<mch_id><![CDATA[1467802102]]></mch_id>
<nonce_str><![CDATA[asnz60a19zm3jhyrfst4m0tnf86s3n47]]></nonce_str>
<openid><![CDATA[oZpwf01K2-n9c7v9wH1Tg_sb4bRc]]></openid>
<out_trade_no><![CDATA[G6089057441456781498291621]]></out_trade_no>
<result_code><![CDATA[SUCCESS]]></result_code>
<return_code><![CDATA[SUCCESS]]></return_code>
<sign><![CDATA[25B23B494ED5464834202DFB19A05CA4]]></sign>
<time_end><![CDATA[20170624160705]]></time_end>
<total_fee>1</total_fee>
<trade_type><![CDATA[JSAPI]]></trade_type>
<transaction_id><![CDATA[4009652001201706247208931315]]></transaction_id>
</xml>


执行日期：2017-06-24 17：13：04
【支付成功】:
<xml><appid><![CDATA[wx82f96da4bdf876f7]]></appid>
<bank_type><![CDATA[CMB_CREDIT]]></bank_type>
<cash_fee><![CDATA[1]]></cash_fee>
<fee_type><![CDATA[CNY]]></fee_type>
<is_subscribe><![CDATA[Y]]></is_subscribe>
<mch_id><![CDATA[1467802102]]></mch_id>
<nonce_str><![CDATA[8h0wucktqtn9kqunlnzguho15ktf1y1x]]></nonce_str>
<openid><![CDATA[oZpwf01K2-n9c7v9wH1Tg_sb4bRc]]></openid>
<out_trade_no><![CDATA[G6089057441456781498291732]]></out_trade_no>
<result_code><![CDATA[SUCCESS]]></result_code>
<return_code><![CDATA[SUCCESS]]></return_code>
<sign><![CDATA[41582E05434807AE4C7FCC0F477B82A3]]></sign>
<time_end><![CDATA[20170624160856]]></time_end>
<total_fee>1</total_fee>
<trade_type><![CDATA[JSAPI]]></trade_type>
<transaction_id><![CDATA[4009652001201706247208984162]]></transaction_id>
</xml>


执行日期：2017-06-24 17：14：18
【支付成功】:
<xml><appid><![CDATA[wx82f96da4bdf876f7]]></appid>
<bank_type><![CDATA[CMB_CREDIT]]></bank_type>
<cash_fee><![CDATA[1]]></cash_fee>
<fee_type><![CDATA[CNY]]></fee_type>
<is_subscribe><![CDATA[Y]]></is_subscribe>
<mch_id><![CDATA[1467802102]]></mch_id>
<nonce_str><![CDATA[rdnzyto6v7nn7nr8pp2exaqfb4ga6oa7]]></nonce_str>
<openid><![CDATA[oZpwf01K2-n9c7v9wH1Tg_sb4bRc]]></openid>
<out_trade_no><![CDATA[G6089057441456781498290007]]></out_trade_no>
<result_code><![CDATA[SUCCESS]]></result_code>
<return_code><![CDATA[SUCCESS]]></return_code>
<sign><![CDATA[F0A838E134665A1C2F98828A5E464F0F]]></sign>
<time_end><![CDATA[20170624154010]]></time_end>
<total_fee>1</total_fee>
<trade_type><![CDATA[JSAPI]]></trade_type>
<transaction_id><![CDATA[4009652001201706247205776793]]></transaction_id>
</xml>


执行日期：2017-06-24 17：15：53
【支付成功】:
<xml><appid><![CDATA[wx82f96da4bdf876f7]]></appid>
<bank_type><![CDATA[CMB_CREDIT]]></bank_type>
<cash_fee><![CDATA[1]]></cash_fee>
<fee_type><![CDATA[CNY]]></fee_type>
<is_subscribe><![CDATA[Y]]></is_subscribe>
<mch_id><![CDATA[1467802102]]></mch_id>
<nonce_str><![CDATA[dfztp32tfm023q90bfcnqk4cbyv2ance]]></nonce_str>
<openid><![CDATA[oZpwf01K2-n9c7v9wH1Tg_sb4bRc]]></openid>
<out_trade_no><![CDATA[G6089057441456781498293700]]></out_trade_no>
<result_code><![CDATA[SUCCESS]]></result_code>
<return_code><![CDATA[SUCCESS]]></return_code>
<sign><![CDATA[9998221CC67099CCDF23FACDCE394AC4]]></sign>
<time_end><![CDATA[20170624164145]]></time_end>
<total_fee>1</total_fee>
<trade_type><![CDATA[JSAPI]]></trade_type>
<transaction_id><![CDATA[4009652001201706247214650599]]></transaction_id>
</xml>


执行日期：2017-06-24 17：17：50
【支付成功】:
<xml><appid><![CDATA[wx82f96da4bdf876f7]]></appid>
<bank_type><![CDATA[CMB_CREDIT]]></bank_type>
<cash_fee><![CDATA[1]]></cash_fee>
<fee_type><![CDATA[CNY]]></fee_type>
<is_subscribe><![CDATA[Y]]></is_subscribe>
<mch_id><![CDATA[1467802102]]></mch_id>
<nonce_str><![CDATA[ytiq6ovzamzmusxxq6bfrbxfolvphubf]]></nonce_str>
<openid><![CDATA[oZpwf01K2-n9c7v9wH1Tg_sb4bRc]]></openid>
<out_trade_no><![CDATA[G6089057441456781498292018]]></out_trade_no>
<result_code><![CDATA[SUCCESS]]></result_code>
<return_code><![CDATA[SUCCESS]]></return_code>
<sign><![CDATA[67CC748FB4DE39D644AD53F2B010CD07]]></sign>
<time_end><![CDATA[20170624161342]]></time_end>
<total_fee>1</total_fee>
<trade_type><![CDATA[JSAPI]]></trade_type>
<transaction_id><![CDATA[4009652001201706247209164716]]></transaction_id>
</xml>


执行日期：2017-06-24 17：18：15
【支付成功】:
<xml><appid><![CDATA[wx82f96da4bdf876f7]]></appid>
<bank_type><![CDATA[CMB_CREDIT]]></bank_type>
<cash_fee><![CDATA[1]]></cash_fee>
<fee_type><![CDATA[CNY]]></fee_type>
<is_subscribe><![CDATA[Y]]></is_subscribe>
<mch_id><![CDATA[1467802102]]></mch_id>
<nonce_str><![CDATA[wbw7ezkfzmc5y935lu1t66xmcfnt9uj9]]></nonce_str>
<openid><![CDATA[oZpwf01K2-n9c7v9wH1Tg_sb4bRc]]></openid>
<out_trade_no><![CDATA[G6089057441456781498293843]]></out_trade_no>
<result_code><![CDATA[SUCCESS]]></result_code>
<return_code><![CDATA[SUCCESS]]></return_code>
<sign><![CDATA[DC3EBFAB2F654D85F45E6223B44DA540]]></sign>
<time_end><![CDATA[20170624164406]]></time_end>
<total_fee>1</total_fee>
<trade_type><![CDATA[JSAPI]]></trade_type>
<transaction_id><![CDATA[4009652001201706247214026530]]></transaction_id>
</xml>


执行日期：2017-06-24 17：20：16
【支付成功】:
<xml><appid><![CDATA[wx82f96da4bdf876f7]]></appid>
<bank_type><![CDATA[CMB_CREDIT]]></bank_type>
<cash_fee><![CDATA[1]]></cash_fee>
<fee_type><![CDATA[CNY]]></fee_type>
<is_subscribe><![CDATA[Y]]></is_subscribe>
<mch_id><![CDATA[1467802102]]></mch_id>
<nonce_str><![CDATA[2nz7oxbdcfp94vgrlnkrwolaujqbd4xe]]></nonce_str>
<openid><![CDATA[oZpwf01K2-n9c7v9wH1Tg_sb4bRc]]></openid>
<out_trade_no><![CDATA[G608905744148565]]></out_trade_no>
<result_code><![CDATA[SUCCESS]]></result_code>
<return_code><![CDATA[SUCCESS]]></return_code>
<sign><![CDATA[BA1747250902FEF13BE95757BB856CE1]]></sign>
<time_end><![CDATA[20170624164606]]></time_end>
<total_fee>1</total_fee>
<trade_type><![CDATA[JSAPI]]></trade_type>
<transaction_id><![CDATA[4009652001201706247214824262]]></transaction_id>
</xml>


执行日期：2017-06-24 17：21：51
【支付成功】:
<xml><appid><![CDATA[wx82f96da4bdf876f7]]></appid>
<bank_type><![CDATA[CMB_CREDIT]]></bank_type>
<cash_fee><![CDATA[1]]></cash_fee>
<fee_type><![CDATA[CNY]]></fee_type>
<is_subscribe><![CDATA[Y]]></is_subscribe>
<mch_id><![CDATA[1467802102]]></mch_id>
<nonce_str><![CDATA[2zbidroe56aomr7ihn1dyo171ibf9731]]></nonce_str>
<openid><![CDATA[oZpwf01K2-n9c7v9wH1Tg_sb4bRc]]></openid>
<out_trade_no><![CDATA[G6089057441456781498292261]]></out_trade_no>
<result_code><![CDATA[SUCCESS]]></result_code>
<return_code><![CDATA[SUCCESS]]></return_code>
<sign><![CDATA[BF08F40A3D7BFB4F52EA752A15610D7A]]></sign>
<time_end><![CDATA[20170624161745]]></time_end>
<total_fee>1</total_fee>
<trade_type><![CDATA[JSAPI]]></trade_type>
<transaction_id><![CDATA[4009652001201706247213121693]]></transaction_id>
</xml>


执行日期：2017-06-24 17：23：11
【支付成功】:
<xml><appid><![CDATA[wx82f96da4bdf876f7]]></appid>
<bank_type><![CDATA[CMB_CREDIT]]></bank_type>
<cash_fee><![CDATA[1]]></cash_fee>
<fee_type><![CDATA[CNY]]></fee_type>
<is_subscribe><![CDATA[Y]]></is_subscribe>
<mch_id><![CDATA[1467802102]]></mch_id>
<nonce_str><![CDATA[bt0cd546v6ysyt12vsc7nb0mllsffqe8]]></nonce_str>
<openid><![CDATA[oZpwf01K2-n9c7v9wH1Tg_sb4bRc]]></openid>
<out_trade_no><![CDATA[G608905744148561]]></out_trade_no>
<result_code><![CDATA[SUCCESS]]></result_code>
<return_code><![CDATA[SUCCESS]]></return_code>
<sign><![CDATA[190AF0FD29F982EBE987CAAC883F710D]]></sign>
<time_end><![CDATA[20170624164901]]></time_end>
<total_fee>1</total_fee>
<trade_type><![CDATA[JSAPI]]></trade_type>
<transaction_id><![CDATA[4009652001201706247212270230]]></transaction_id>
</xml>


执行日期：2017-06-24 17：24：57
【支付成功】:
<xml><appid><![CDATA[wx82f96da4bdf876f7]]></appid>
<bank_type><![CDATA[CMB_CREDIT]]></bank_type>
<cash_fee><![CDATA[1]]></cash_fee>
<fee_type><![CDATA[CNY]]></fee_type>
<is_subscribe><![CDATA[Y]]></is_subscribe>
<mch_id><![CDATA[1467802102]]></mch_id>
<nonce_str><![CDATA[90ud24jeupmn228oo5qg484ng698hklo]]></nonce_str>
<openid><![CDATA[oZpwf01K2-n9c7v9wH1Tg_sb4bRc]]></openid>
<out_trade_no><![CDATA[G6089057441456781498290647]]></out_trade_no>
<result_code><![CDATA[SUCCESS]]></result_code>
<return_code><![CDATA[SUCCESS]]></return_code>
<sign><![CDATA[C9B26E5AB246204B1A766EBD4A62E4EE]]></sign>
<time_end><![CDATA[20170624155052]]></time_end>
<total_fee>1</total_fee>
<trade_type><![CDATA[JSAPI]]></trade_type>
<transaction_id><![CDATA[4009652001201706247204293469]]></transaction_id>
</xml>


执行日期：2017-06-24 17：27：38
【支付成功】:
<xml><appid><![CDATA[wx82f96da4bdf876f7]]></appid>
<bank_type><![CDATA[CMB_CREDIT]]></bank_type>
<cash_fee><![CDATA[1]]></cash_fee>
<fee_type><![CDATA[CNY]]></fee_type>
<is_subscribe><![CDATA[Y]]></is_subscribe>
<mch_id><![CDATA[1467802102]]></mch_id>
<nonce_str><![CDATA[r1ipmg9mmkyl63tzn7w30de2tp2ds7xg]]></nonce_str>
<openid><![CDATA[oZpwf01K2-n9c7v9wH1Tg_sb4bRc]]></openid>
<out_trade_no><![CDATA[G6089057441456781498290803]]></out_trade_no>
<result_code><![CDATA[SUCCESS]]></result_code>
<return_code><![CDATA[SUCCESS]]></return_code>
<sign><![CDATA[3C9E9DABF1E28182B951DF024FFDBA57]]></sign>
<time_end><![CDATA[20170624155326]]></time_end>
<total_fee>1</total_fee>
<trade_type><![CDATA[JSAPI]]></trade_type>
<transaction_id><![CDATA[4009652001201706247208411298]]></transaction_id>
</xml>


执行日期：2017-06-24 17：29：22
【支付成功】:
<xml><appid><![CDATA[wx82f96da4bdf876f7]]></appid>
<bank_type><![CDATA[CMB_CREDIT]]></bank_type>
<cash_fee><![CDATA[1]]></cash_fee>
<fee_type><![CDATA[CNY]]></fee_type>
<is_subscribe><![CDATA[Y]]></is_subscribe>
<mch_id><![CDATA[1467802102]]></mch_id>
<nonce_str><![CDATA[quhvxqjj204yd4ao1y7s75ds0suyahma]]></nonce_str>
<openid><![CDATA[oZpwf01K2-n9c7v9wH1Tg_sb4bRc]]></openid>
<out_trade_no><![CDATA[G6089057441456781498290909]]></out_trade_no>
<result_code><![CDATA[SUCCESS]]></result_code>
<return_code><![CDATA[SUCCESS]]></return_code>
<sign><![CDATA[E0201132C50AA0124970C7D1C785B5EC]]></sign>
<time_end><![CDATA[20170624155512]]></time_end>
<total_fee>1</total_fee>
<trade_type><![CDATA[JSAPI]]></trade_type>
<transaction_id><![CDATA[4009652001201706247210406154]]></transaction_id>
</xml>


执行日期：2017-06-24 17：37：07
【支付成功】:
<xml><appid><![CDATA[wx82f96da4bdf876f7]]></appid>
<bank_type><![CDATA[CMB_CREDIT]]></bank_type>
<cash_fee><![CDATA[1]]></cash_fee>
<fee_type><![CDATA[CNY]]></fee_type>
<is_subscribe><![CDATA[Y]]></is_subscribe>
<mch_id><![CDATA[1467802102]]></mch_id>
<nonce_str><![CDATA[56vve1fe8yjzgbsf3l0fa7bp0p2kka0l]]></nonce_str>
<openid><![CDATA[oZpwf01K2-n9c7v9wH1Tg_sb4bRc]]></openid>
<out_trade_no><![CDATA[G6089057441456781498291376]]></out_trade_no>
<result_code><![CDATA[SUCCESS]]></result_code>
<return_code><![CDATA[SUCCESS]]></return_code>
<sign><![CDATA[4AC6CF1A2281C208D4B9E2A26461427C]]></sign>
<time_end><![CDATA[20170624160300]]></time_end>
<total_fee>1</total_fee>
<trade_type><![CDATA[JSAPI]]></trade_type>
<transaction_id><![CDATA[4009652001201706247210616392]]></transaction_id>
</xml>


执行日期：2017-06-24 17：39：48
【支付成功】:
<xml><appid><![CDATA[wx82f96da4bdf876f7]]></appid>
<bank_type><![CDATA[CMB_CREDIT]]></bank_type>
<cash_fee><![CDATA[1]]></cash_fee>
<fee_type><![CDATA[CNY]]></fee_type>
<is_subscribe><![CDATA[Y]]></is_subscribe>
<mch_id><![CDATA[1467802102]]></mch_id>
<nonce_str><![CDATA[20hg1tc5xax8tpvznmt5k9wwb44852q0]]></nonce_str>
<openid><![CDATA[oZpwf01K2-n9c7v9wH1Tg_sb4bRc]]></openid>
<out_trade_no><![CDATA[G6089057441456781498291537]]></out_trade_no>
<result_code><![CDATA[SUCCESS]]></result_code>
<return_code><![CDATA[SUCCESS]]></return_code>
<sign><![CDATA[7D6972B05C5F7C45F6D75C0C01B1221A]]></sign>
<time_end><![CDATA[20170624160540]]></time_end>
<total_fee>1</total_fee>
<trade_type><![CDATA[JSAPI]]></trade_type>
<transaction_id><![CDATA[4009652001201706247212730007]]></transaction_id>
</xml>


执行日期：2017-06-24 17：41：15
【支付成功】:
<xml><appid><![CDATA[wx82f96da4bdf876f7]]></appid>
<bank_type><![CDATA[CMB_CREDIT]]></bank_type>
<cash_fee><![CDATA[1]]></cash_fee>
<fee_type><![CDATA[CNY]]></fee_type>
<is_subscribe><![CDATA[Y]]></is_subscribe>
<mch_id><![CDATA[1467802102]]></mch_id>
<nonce_str><![CDATA[asnz60a19zm3jhyrfst4m0tnf86s3n47]]></nonce_str>
<openid><![CDATA[oZpwf01K2-n9c7v9wH1Tg_sb4bRc]]></openid>
<out_trade_no><![CDATA[G6089057441456781498291621]]></out_trade_no>
<result_code><![CDATA[SUCCESS]]></result_code>
<return_code><![CDATA[SUCCESS]]></return_code>
<sign><![CDATA[25B23B494ED5464834202DFB19A05CA4]]></sign>
<time_end><![CDATA[20170624160705]]></time_end>
<total_fee>1</total_fee>
<trade_type><![CDATA[JSAPI]]></trade_type>
<transaction_id><![CDATA[4009652001201706247208931315]]></transaction_id>
</xml>


执行日期：2017-06-24 17：43：06
【支付成功】:
<xml><appid><![CDATA[wx82f96da4bdf876f7]]></appid>
<bank_type><![CDATA[CMB_CREDIT]]></bank_type>
<cash_fee><![CDATA[1]]></cash_fee>
<fee_type><![CDATA[CNY]]></fee_type>
<is_subscribe><![CDATA[Y]]></is_subscribe>
<mch_id><![CDATA[1467802102]]></mch_id>
<nonce_str><![CDATA[8h0wucktqtn9kqunlnzguho15ktf1y1x]]></nonce_str>
<openid><![CDATA[oZpwf01K2-n9c7v9wH1Tg_sb4bRc]]></openid>
<out_trade_no><![CDATA[G6089057441456781498291732]]></out_trade_no>
<result_code><![CDATA[SUCCESS]]></result_code>
<return_code><![CDATA[SUCCESS]]></return_code>
<sign><![CDATA[41582E05434807AE4C7FCC0F477B82A3]]></sign>
<time_end><![CDATA[20170624160856]]></time_end>
<total_fee>1</total_fee>
<trade_type><![CDATA[JSAPI]]></trade_type>
<transaction_id><![CDATA[4009652001201706247208984162]]></transaction_id>
</xml>


执行日期：2017-06-24 17：44：20
【支付成功】:
<xml><appid><![CDATA[wx82f96da4bdf876f7]]></appid>
<bank_type><![CDATA[CMB_CREDIT]]></bank_type>
<cash_fee><![CDATA[1]]></cash_fee>
<fee_type><![CDATA[CNY]]></fee_type>
<is_subscribe><![CDATA[Y]]></is_subscribe>
<mch_id><![CDATA[1467802102]]></mch_id>
<nonce_str><![CDATA[rdnzyto6v7nn7nr8pp2exaqfb4ga6oa7]]></nonce_str>
<openid><![CDATA[oZpwf01K2-n9c7v9wH1Tg_sb4bRc]]></openid>
<out_trade_no><![CDATA[G6089057441456781498290007]]></out_trade_no>
<result_code><![CDATA[SUCCESS]]></result_code>
<return_code><![CDATA[SUCCESS]]></return_code>
<sign><![CDATA[F0A838E134665A1C2F98828A5E464F0F]]></sign>
<time_end><![CDATA[20170624154010]]></time_end>
<total_fee>1</total_fee>
<trade_type><![CDATA[JSAPI]]></trade_type>
<transaction_id><![CDATA[4009652001201706247205776793]]></transaction_id>
</xml>


执行日期：2017-06-24 17：45：54
【支付成功】:
<xml><appid><![CDATA[wx82f96da4bdf876f7]]></appid>
<bank_type><![CDATA[CMB_CREDIT]]></bank_type>
<cash_fee><![CDATA[1]]></cash_fee>
<fee_type><![CDATA[CNY]]></fee_type>
<is_subscribe><![CDATA[Y]]></is_subscribe>
<mch_id><![CDATA[1467802102]]></mch_id>
<nonce_str><![CDATA[dfztp32tfm023q90bfcnqk4cbyv2ance]]></nonce_str>
<openid><![CDATA[oZpwf01K2-n9c7v9wH1Tg_sb4bRc]]></openid>
<out_trade_no><![CDATA[G6089057441456781498293700]]></out_trade_no>
<result_code><![CDATA[SUCCESS]]></result_code>
<return_code><![CDATA[SUCCESS]]></return_code>
<sign><![CDATA[9998221CC67099CCDF23FACDCE394AC4]]></sign>
<time_end><![CDATA[20170624164145]]></time_end>
<total_fee>1</total_fee>
<trade_type><![CDATA[JSAPI]]></trade_type>
<transaction_id><![CDATA[4009652001201706247214650599]]></transaction_id>
</xml>


执行日期：2017-06-24 17：47：52
【支付成功】:
<xml><appid><![CDATA[wx82f96da4bdf876f7]]></appid>
<bank_type><![CDATA[CMB_CREDIT]]></bank_type>
<cash_fee><![CDATA[1]]></cash_fee>
<fee_type><![CDATA[CNY]]></fee_type>
<is_subscribe><![CDATA[Y]]></is_subscribe>
<mch_id><![CDATA[1467802102]]></mch_id>
<nonce_str><![CDATA[ytiq6ovzamzmusxxq6bfrbxfolvphubf]]></nonce_str>
<openid><![CDATA[oZpwf01K2-n9c7v9wH1Tg_sb4bRc]]></openid>
<out_trade_no><![CDATA[G6089057441456781498292018]]></out_trade_no>
<result_code><![CDATA[SUCCESS]]></result_code>
<return_code><![CDATA[SUCCESS]]></return_code>
<sign><![CDATA[67CC748FB4DE39D644AD53F2B010CD07]]></sign>
<time_end><![CDATA[20170624161342]]></time_end>
<total_fee>1</total_fee>
<trade_type><![CDATA[JSAPI]]></trade_type>
<transaction_id><![CDATA[4009652001201706247209164716]]></transaction_id>
</xml>


执行日期：2017-06-24 17：48：16
【支付成功】:
<xml><appid><![CDATA[wx82f96da4bdf876f7]]></appid>
<bank_type><![CDATA[CMB_CREDIT]]></bank_type>
<cash_fee><![CDATA[1]]></cash_fee>
<fee_type><![CDATA[CNY]]></fee_type>
<is_subscribe><![CDATA[Y]]></is_subscribe>
<mch_id><![CDATA[1467802102]]></mch_id>
<nonce_str><![CDATA[wbw7ezkfzmc5y935lu1t66xmcfnt9uj9]]></nonce_str>
<openid><![CDATA[oZpwf01K2-n9c7v9wH1Tg_sb4bRc]]></openid>
<out_trade_no><![CDATA[G6089057441456781498293843]]></out_trade_no>
<result_code><![CDATA[SUCCESS]]></result_code>
<return_code><![CDATA[SUCCESS]]></return_code>
<sign><![CDATA[DC3EBFAB2F654D85F45E6223B44DA540]]></sign>
<time_end><![CDATA[20170624164406]]></time_end>
<total_fee>1</total_fee>
<trade_type><![CDATA[JSAPI]]></trade_type>
<transaction_id><![CDATA[4009652001201706247214026530]]></transaction_id>
</xml>


执行日期：2017-06-24 17：50：18
【支付成功】:
<xml><appid><![CDATA[wx82f96da4bdf876f7]]></appid>
<bank_type><![CDATA[CMB_CREDIT]]></bank_type>
<cash_fee><![CDATA[1]]></cash_fee>
<fee_type><![CDATA[CNY]]></fee_type>
<is_subscribe><![CDATA[Y]]></is_subscribe>
<mch_id><![CDATA[1467802102]]></mch_id>
<nonce_str><![CDATA[2nz7oxbdcfp94vgrlnkrwolaujqbd4xe]]></nonce_str>
<openid><![CDATA[oZpwf01K2-n9c7v9wH1Tg_sb4bRc]]></openid>
<out_trade_no><![CDATA[G608905744148565]]></out_trade_no>
<result_code><![CDATA[SUCCESS]]></result_code>
<return_code><![CDATA[SUCCESS]]></return_code>
<sign><![CDATA[BA1747250902FEF13BE95757BB856CE1]]></sign>
<time_end><![CDATA[20170624164606]]></time_end>
<total_fee>1</total_fee>
<trade_type><![CDATA[JSAPI]]></trade_type>
<transaction_id><![CDATA[4009652001201706247214824262]]></transaction_id>
</xml>


执行日期：2017-06-24 17：51：53
【支付成功】:
<xml><appid><![CDATA[wx82f96da4bdf876f7]]></appid>
<bank_type><![CDATA[CMB_CREDIT]]></bank_type>
<cash_fee><![CDATA[1]]></cash_fee>
<fee_type><![CDATA[CNY]]></fee_type>
<is_subscribe><![CDATA[Y]]></is_subscribe>
<mch_id><![CDATA[1467802102]]></mch_id>
<nonce_str><![CDATA[2zbidroe56aomr7ihn1dyo171ibf9731]]></nonce_str>
<openid><![CDATA[oZpwf01K2-n9c7v9wH1Tg_sb4bRc]]></openid>
<out_trade_no><![CDATA[G6089057441456781498292261]]></out_trade_no>
<result_code><![CDATA[SUCCESS]]></result_code>
<return_code><![CDATA[SUCCESS]]></return_code>
<sign><![CDATA[BF08F40A3D7BFB4F52EA752A15610D7A]]></sign>
<time_end><![CDATA[20170624161745]]></time_end>
<total_fee>1</total_fee>
<trade_type><![CDATA[JSAPI]]></trade_type>
<transaction_id><![CDATA[4009652001201706247213121693]]></transaction_id>
</xml>


执行日期：2017-06-24 17：53：13
【支付成功】:
<xml><appid><![CDATA[wx82f96da4bdf876f7]]></appid>
<bank_type><![CDATA[CMB_CREDIT]]></bank_type>
<cash_fee><![CDATA[1]]></cash_fee>
<fee_type><![CDATA[CNY]]></fee_type>
<is_subscribe><![CDATA[Y]]></is_subscribe>
<mch_id><![CDATA[1467802102]]></mch_id>
<nonce_str><![CDATA[bt0cd546v6ysyt12vsc7nb0mllsffqe8]]></nonce_str>
<openid><![CDATA[oZpwf01K2-n9c7v9wH1Tg_sb4bRc]]></openid>
<out_trade_no><![CDATA[G608905744148561]]></out_trade_no>
<result_code><![CDATA[SUCCESS]]></result_code>
<return_code><![CDATA[SUCCESS]]></return_code>
<sign><![CDATA[190AF0FD29F982EBE987CAAC883F710D]]></sign>
<time_end><![CDATA[20170624164901]]></time_end>
<total_fee>1</total_fee>
<trade_type><![CDATA[JSAPI]]></trade_type>
<transaction_id><![CDATA[4009652001201706247212270230]]></transaction_id>
</xml>


执行日期：2017-06-24 17：54：59
【支付成功】:
<xml><appid><![CDATA[wx82f96da4bdf876f7]]></appid>
<bank_type><![CDATA[CMB_CREDIT]]></bank_type>
<cash_fee><![CDATA[1]]></cash_fee>
<fee_type><![CDATA[CNY]]></fee_type>
<is_subscribe><![CDATA[Y]]></is_subscribe>
<mch_id><![CDATA[1467802102]]></mch_id>
<nonce_str><![CDATA[90ud24jeupmn228oo5qg484ng698hklo]]></nonce_str>
<openid><![CDATA[oZpwf01K2-n9c7v9wH1Tg_sb4bRc]]></openid>
<out_trade_no><![CDATA[G6089057441456781498290647]]></out_trade_no>
<result_code><![CDATA[SUCCESS]]></result_code>
<return_code><![CDATA[SUCCESS]]></return_code>
<sign><![CDATA[C9B26E5AB246204B1A766EBD4A62E4EE]]></sign>
<time_end><![CDATA[20170624155052]]></time_end>
<total_fee>1</total_fee>
<trade_type><![CDATA[JSAPI]]></trade_type>
<transaction_id><![CDATA[4009652001201706247204293469]]></transaction_id>
</xml>


执行日期：2017-06-24 17：57：39
【支付成功】:
<xml><appid><![CDATA[wx82f96da4bdf876f7]]></appid>
<bank_type><![CDATA[CMB_CREDIT]]></bank_type>
<cash_fee><![CDATA[1]]></cash_fee>
<fee_type><![CDATA[CNY]]></fee_type>
<is_subscribe><![CDATA[Y]]></is_subscribe>
<mch_id><![CDATA[1467802102]]></mch_id>
<nonce_str><![CDATA[r1ipmg9mmkyl63tzn7w30de2tp2ds7xg]]></nonce_str>
<openid><![CDATA[oZpwf01K2-n9c7v9wH1Tg_sb4bRc]]></openid>
<out_trade_no><![CDATA[G6089057441456781498290803]]></out_trade_no>
<result_code><![CDATA[SUCCESS]]></result_code>
<return_code><![CDATA[SUCCESS]]></return_code>
<sign><![CDATA[3C9E9DABF1E28182B951DF024FFDBA57]]></sign>
<time_end><![CDATA[20170624155326]]></time_end>
<total_fee>1</total_fee>
<trade_type><![CDATA[JSAPI]]></trade_type>
<transaction_id><![CDATA[4009652001201706247208411298]]></transaction_id>
</xml>


执行日期：2017-06-24 17：59：23
【支付成功】:
<xml><appid><![CDATA[wx82f96da4bdf876f7]]></appid>
<bank_type><![CDATA[CMB_CREDIT]]></bank_type>
<cash_fee><![CDATA[1]]></cash_fee>
<fee_type><![CDATA[CNY]]></fee_type>
<is_subscribe><![CDATA[Y]]></is_subscribe>
<mch_id><![CDATA[1467802102]]></mch_id>
<nonce_str><![CDATA[quhvxqjj204yd4ao1y7s75ds0suyahma]]></nonce_str>
<openid><![CDATA[oZpwf01K2-n9c7v9wH1Tg_sb4bRc]]></openid>
<out_trade_no><![CDATA[G6089057441456781498290909]]></out_trade_no>
<result_code><![CDATA[SUCCESS]]></result_code>
<return_code><![CDATA[SUCCESS]]></return_code>
<sign><![CDATA[E0201132C50AA0124970C7D1C785B5EC]]></sign>
<time_end><![CDATA[20170624155512]]></time_end>
<total_fee>1</total_fee>
<trade_type><![CDATA[JSAPI]]></trade_type>
<transaction_id><![CDATA[4009652001201706247210406154]]></transaction_id>
</xml>


执行日期：2017-06-24 18：07：09
【支付成功】:
<xml><appid><![CDATA[wx82f96da4bdf876f7]]></appid>
<bank_type><![CDATA[CMB_CREDIT]]></bank_type>
<cash_fee><![CDATA[1]]></cash_fee>
<fee_type><![CDATA[CNY]]></fee_type>
<is_subscribe><![CDATA[Y]]></is_subscribe>
<mch_id><![CDATA[1467802102]]></mch_id>
<nonce_str><![CDATA[56vve1fe8yjzgbsf3l0fa7bp0p2kka0l]]></nonce_str>
<openid><![CDATA[oZpwf01K2-n9c7v9wH1Tg_sb4bRc]]></openid>
<out_trade_no><![CDATA[G6089057441456781498291376]]></out_trade_no>
<result_code><![CDATA[SUCCESS]]></result_code>
<return_code><![CDATA[SUCCESS]]></return_code>
<sign><![CDATA[4AC6CF1A2281C208D4B9E2A26461427C]]></sign>
<time_end><![CDATA[20170624160300]]></time_end>
<total_fee>1</total_fee>
<trade_type><![CDATA[JSAPI]]></trade_type>
<transaction_id><![CDATA[4009652001201706247210616392]]></transaction_id>
</xml>


执行日期：2017-06-24 18：09：50
【支付成功】:
<xml><appid><![CDATA[wx82f96da4bdf876f7]]></appid>
<bank_type><![CDATA[CMB_CREDIT]]></bank_type>
<cash_fee><![CDATA[1]]></cash_fee>
<fee_type><![CDATA[CNY]]></fee_type>
<is_subscribe><![CDATA[Y]]></is_subscribe>
<mch_id><![CDATA[1467802102]]></mch_id>
<nonce_str><![CDATA[20hg1tc5xax8tpvznmt5k9wwb44852q0]]></nonce_str>
<openid><![CDATA[oZpwf01K2-n9c7v9wH1Tg_sb4bRc]]></openid>
<out_trade_no><![CDATA[G6089057441456781498291537]]></out_trade_no>
<result_code><![CDATA[SUCCESS]]></result_code>
<return_code><![CDATA[SUCCESS]]></return_code>
<sign><![CDATA[7D6972B05C5F7C45F6D75C0C01B1221A]]></sign>
<time_end><![CDATA[20170624160540]]></time_end>
<total_fee>1</total_fee>
<trade_type><![CDATA[JSAPI]]></trade_type>
<transaction_id><![CDATA[4009652001201706247212730007]]></transaction_id>
</xml>


执行日期：2017-06-24 18：11：16
【支付成功】:
<xml><appid><![CDATA[wx82f96da4bdf876f7]]></appid>
<bank_type><![CDATA[CMB_CREDIT]]></bank_type>
<cash_fee><![CDATA[1]]></cash_fee>
<fee_type><![CDATA[CNY]]></fee_type>
<is_subscribe><![CDATA[Y]]></is_subscribe>
<mch_id><![CDATA[1467802102]]></mch_id>
<nonce_str><![CDATA[asnz60a19zm3jhyrfst4m0tnf86s3n47]]></nonce_str>
<openid><![CDATA[oZpwf01K2-n9c7v9wH1Tg_sb4bRc]]></openid>
<out_trade_no><![CDATA[G6089057441456781498291621]]></out_trade_no>
<result_code><![CDATA[SUCCESS]]></result_code>
<return_code><![CDATA[SUCCESS]]></return_code>
<sign><![CDATA[25B23B494ED5464834202DFB19A05CA4]]></sign>
<time_end><![CDATA[20170624160705]]></time_end>
<total_fee>1</total_fee>
<trade_type><![CDATA[JSAPI]]></trade_type>
<transaction_id><![CDATA[4009652001201706247208931315]]></transaction_id>
</xml>


执行日期：2017-06-24 18：13：08
【支付成功】:
<xml><appid><![CDATA[wx82f96da4bdf876f7]]></appid>
<bank_type><![CDATA[CMB_CREDIT]]></bank_type>
<cash_fee><![CDATA[1]]></cash_fee>
<fee_type><![CDATA[CNY]]></fee_type>
<is_subscribe><![CDATA[Y]]></is_subscribe>
<mch_id><![CDATA[1467802102]]></mch_id>
<nonce_str><![CDATA[8h0wucktqtn9kqunlnzguho15ktf1y1x]]></nonce_str>
<openid><![CDATA[oZpwf01K2-n9c7v9wH1Tg_sb4bRc]]></openid>
<out_trade_no><![CDATA[G6089057441456781498291732]]></out_trade_no>
<result_code><![CDATA[SUCCESS]]></result_code>
<return_code><![CDATA[SUCCESS]]></return_code>
<sign><![CDATA[41582E05434807AE4C7FCC0F477B82A3]]></sign>
<time_end><![CDATA[20170624160856]]></time_end>
<total_fee>1</total_fee>
<trade_type><![CDATA[JSAPI]]></trade_type>
<transaction_id><![CDATA[4009652001201706247208984162]]></transaction_id>
</xml>


执行日期：2017-06-24 18：15：55
【支付成功】:
<xml><appid><![CDATA[wx82f96da4bdf876f7]]></appid>
<bank_type><![CDATA[CMB_CREDIT]]></bank_type>
<cash_fee><![CDATA[1]]></cash_fee>
<fee_type><![CDATA[CNY]]></fee_type>
<is_subscribe><![CDATA[Y]]></is_subscribe>
<mch_id><![CDATA[1467802102]]></mch_id>
<nonce_str><![CDATA[dfztp32tfm023q90bfcnqk4cbyv2ance]]></nonce_str>
<openid><![CDATA[oZpwf01K2-n9c7v9wH1Tg_sb4bRc]]></openid>
<out_trade_no><![CDATA[G6089057441456781498293700]]></out_trade_no>
<result_code><![CDATA[SUCCESS]]></result_code>
<return_code><![CDATA[SUCCESS]]></return_code>
<sign><![CDATA[9998221CC67099CCDF23FACDCE394AC4]]></sign>
<time_end><![CDATA[20170624164145]]></time_end>
<total_fee>1</total_fee>
<trade_type><![CDATA[JSAPI]]></trade_type>
<transaction_id><![CDATA[4009652001201706247214650599]]></transaction_id>
</xml>


执行日期：2017-06-24 18：17：53
【支付成功】:
<xml><appid><![CDATA[wx82f96da4bdf876f7]]></appid>
<bank_type><![CDATA[CMB_CREDIT]]></bank_type>
<cash_fee><![CDATA[1]]></cash_fee>
<fee_type><![CDATA[CNY]]></fee_type>
<is_subscribe><![CDATA[Y]]></is_subscribe>
<mch_id><![CDATA[1467802102]]></mch_id>
<nonce_str><![CDATA[ytiq6ovzamzmusxxq6bfrbxfolvphubf]]></nonce_str>
<openid><![CDATA[oZpwf01K2-n9c7v9wH1Tg_sb4bRc]]></openid>
<out_trade_no><![CDATA[G6089057441456781498292018]]></out_trade_no>
<result_code><![CDATA[SUCCESS]]></result_code>
<return_code><![CDATA[SUCCESS]]></return_code>
<sign><![CDATA[67CC748FB4DE39D644AD53F2B010CD07]]></sign>
<time_end><![CDATA[20170624161342]]></time_end>
<total_fee>1</total_fee>
<trade_type><![CDATA[JSAPI]]></trade_type>
<transaction_id><![CDATA[4009652001201706247209164716]]></transaction_id>
</xml>


执行日期：2017-06-24 18：18：17
【支付成功】:
<xml><appid><![CDATA[wx82f96da4bdf876f7]]></appid>
<bank_type><![CDATA[CMB_CREDIT]]></bank_type>
<cash_fee><![CDATA[1]]></cash_fee>
<fee_type><![CDATA[CNY]]></fee_type>
<is_subscribe><![CDATA[Y]]></is_subscribe>
<mch_id><![CDATA[1467802102]]></mch_id>
<nonce_str><![CDATA[wbw7ezkfzmc5y935lu1t66xmcfnt9uj9]]></nonce_str>
<openid><![CDATA[oZpwf01K2-n9c7v9wH1Tg_sb4bRc]]></openid>
<out_trade_no><![CDATA[G6089057441456781498293843]]></out_trade_no>
<result_code><![CDATA[SUCCESS]]></result_code>
<return_code><![CDATA[SUCCESS]]></return_code>
<sign><![CDATA[DC3EBFAB2F654D85F45E6223B44DA540]]></sign>
<time_end><![CDATA[20170624164406]]></time_end>
<total_fee>1</total_fee>
<trade_type><![CDATA[JSAPI]]></trade_type>
<transaction_id><![CDATA[4009652001201706247214026530]]></transaction_id>
</xml>


执行日期：2017-06-24 18：20：19
【支付成功】:
<xml><appid><![CDATA[wx82f96da4bdf876f7]]></appid>
<bank_type><![CDATA[CMB_CREDIT]]></bank_type>
<cash_fee><![CDATA[1]]></cash_fee>
<fee_type><![CDATA[CNY]]></fee_type>
<is_subscribe><![CDATA[Y]]></is_subscribe>
<mch_id><![CDATA[1467802102]]></mch_id>
<nonce_str><![CDATA[2nz7oxbdcfp94vgrlnkrwolaujqbd4xe]]></nonce_str>
<openid><![CDATA[oZpwf01K2-n9c7v9wH1Tg_sb4bRc]]></openid>
<out_trade_no><![CDATA[G608905744148565]]></out_trade_no>
<result_code><![CDATA[SUCCESS]]></result_code>
<return_code><![CDATA[SUCCESS]]></return_code>
<sign><![CDATA[BA1747250902FEF13BE95757BB856CE1]]></sign>
<time_end><![CDATA[20170624164606]]></time_end>
<total_fee>1</total_fee>
<trade_type><![CDATA[JSAPI]]></trade_type>
<transaction_id><![CDATA[4009652001201706247214824262]]></transaction_id>
</xml>


执行日期：2017-06-24 18：21：55
【支付成功】:
<xml><appid><![CDATA[wx82f96da4bdf876f7]]></appid>
<bank_type><![CDATA[CMB_CREDIT]]></bank_type>
<cash_fee><![CDATA[1]]></cash_fee>
<fee_type><![CDATA[CNY]]></fee_type>
<is_subscribe><![CDATA[Y]]></is_subscribe>
<mch_id><![CDATA[1467802102]]></mch_id>
<nonce_str><![CDATA[2zbidroe56aomr7ihn1dyo171ibf9731]]></nonce_str>
<openid><![CDATA[oZpwf01K2-n9c7v9wH1Tg_sb4bRc]]></openid>
<out_trade_no><![CDATA[G6089057441456781498292261]]></out_trade_no>
<result_code><![CDATA[SUCCESS]]></result_code>
<return_code><![CDATA[SUCCESS]]></return_code>
<sign><![CDATA[BF08F40A3D7BFB4F52EA752A15610D7A]]></sign>
<time_end><![CDATA[20170624161745]]></time_end>
<total_fee>1</total_fee>
<trade_type><![CDATA[JSAPI]]></trade_type>
<transaction_id><![CDATA[4009652001201706247213121693]]></transaction_id>
</xml>


执行日期：2017-06-24 18：23：14
【支付成功】:
<xml><appid><![CDATA[wx82f96da4bdf876f7]]></appid>
<bank_type><![CDATA[CMB_CREDIT]]></bank_type>
<cash_fee><![CDATA[1]]></cash_fee>
<fee_type><![CDATA[CNY]]></fee_type>
<is_subscribe><![CDATA[Y]]></is_subscribe>
<mch_id><![CDATA[1467802102]]></mch_id>
<nonce_str><![CDATA[bt0cd546v6ysyt12vsc7nb0mllsffqe8]]></nonce_str>
<openid><![CDATA[oZpwf01K2-n9c7v9wH1Tg_sb4bRc]]></openid>
<out_trade_no><![CDATA[G608905744148561]]></out_trade_no>
<result_code><![CDATA[SUCCESS]]></result_code>
<return_code><![CDATA[SUCCESS]]></return_code>
<sign><![CDATA[190AF0FD29F982EBE987CAAC883F710D]]></sign>
<time_end><![CDATA[20170624164901]]></time_end>
<total_fee>1</total_fee>
<trade_type><![CDATA[JSAPI]]></trade_type>
<transaction_id><![CDATA[4009652001201706247212270230]]></transaction_id>
</xml>


执行日期：2017-06-24 18：44：21
【支付成功】:
<xml><appid><![CDATA[wx82f96da4bdf876f7]]></appid>
<bank_type><![CDATA[CMB_CREDIT]]></bank_type>
<cash_fee><![CDATA[1]]></cash_fee>
<fee_type><![CDATA[CNY]]></fee_type>
<is_subscribe><![CDATA[Y]]></is_subscribe>
<mch_id><![CDATA[1467802102]]></mch_id>
<nonce_str><![CDATA[rdnzyto6v7nn7nr8pp2exaqfb4ga6oa7]]></nonce_str>
<openid><![CDATA[oZpwf01K2-n9c7v9wH1Tg_sb4bRc]]></openid>
<out_trade_no><![CDATA[G6089057441456781498290007]]></out_trade_no>
<result_code><![CDATA[SUCCESS]]></result_code>
<return_code><![CDATA[SUCCESS]]></return_code>
<sign><![CDATA[F0A838E134665A1C2F98828A5E464F0F]]></sign>
<time_end><![CDATA[20170624154010]]></time_end>
<total_fee>1</total_fee>
<trade_type><![CDATA[JSAPI]]></trade_type>
<transaction_id><![CDATA[4009652001201706247205776793]]></transaction_id>
</xml>


执行日期：2017-06-24 18：45：57
【支付成功】:
<xml><appid><![CDATA[wx82f96da4bdf876f7]]></appid>
<bank_type><![CDATA[CMB_CREDIT]]></bank_type>
<cash_fee><![CDATA[1]]></cash_fee>
<fee_type><![CDATA[CNY]]></fee_type>
<is_subscribe><![CDATA[Y]]></is_subscribe>
<mch_id><![CDATA[1467802102]]></mch_id>
<nonce_str><![CDATA[dfztp32tfm023q90bfcnqk4cbyv2ance]]></nonce_str>
<openid><![CDATA[oZpwf01K2-n9c7v9wH1Tg_sb4bRc]]></openid>
<out_trade_no><![CDATA[G6089057441456781498293700]]></out_trade_no>
<result_code><![CDATA[SUCCESS]]></result_code>
<return_code><![CDATA[SUCCESS]]></return_code>
<sign><![CDATA[9998221CC67099CCDF23FACDCE394AC4]]></sign>
<time_end><![CDATA[20170624164145]]></time_end>
<total_fee>1</total_fee>
<trade_type><![CDATA[JSAPI]]></trade_type>
<transaction_id><![CDATA[4009652001201706247214650599]]></transaction_id>
</xml>


执行日期：2017-06-24 18：48：19
【支付成功】:
<xml><appid><![CDATA[wx82f96da4bdf876f7]]></appid>
<bank_type><![CDATA[CMB_CREDIT]]></bank_type>
<cash_fee><![CDATA[1]]></cash_fee>
<fee_type><![CDATA[CNY]]></fee_type>
<is_subscribe><![CDATA[Y]]></is_subscribe>
<mch_id><![CDATA[1467802102]]></mch_id>
<nonce_str><![CDATA[wbw7ezkfzmc5y935lu1t66xmcfnt9uj9]]></nonce_str>
<openid><![CDATA[oZpwf01K2-n9c7v9wH1Tg_sb4bRc]]></openid>
<out_trade_no><![CDATA[G6089057441456781498293843]]></out_trade_no>
<result_code><![CDATA[SUCCESS]]></result_code>
<return_code><![CDATA[SUCCESS]]></return_code>
<sign><![CDATA[DC3EBFAB2F654D85F45E6223B44DA540]]></sign>
<time_end><![CDATA[20170624164406]]></time_end>
<total_fee>1</total_fee>
<trade_type><![CDATA[JSAPI]]></trade_type>
<transaction_id><![CDATA[4009652001201706247214026530]]></transaction_id>
</xml>


执行日期：2017-06-24 18：50：21
【支付成功】:
<xml><appid><![CDATA[wx82f96da4bdf876f7]]></appid>
<bank_type><![CDATA[CMB_CREDIT]]></bank_type>
<cash_fee><![CDATA[1]]></cash_fee>
<fee_type><![CDATA[CNY]]></fee_type>
<is_subscribe><![CDATA[Y]]></is_subscribe>
<mch_id><![CDATA[1467802102]]></mch_id>
<nonce_str><![CDATA[2nz7oxbdcfp94vgrlnkrwolaujqbd4xe]]></nonce_str>
<openid><![CDATA[oZpwf01K2-n9c7v9wH1Tg_sb4bRc]]></openid>
<out_trade_no><![CDATA[G608905744148565]]></out_trade_no>
<result_code><![CDATA[SUCCESS]]></result_code>
<return_code><![CDATA[SUCCESS]]></return_code>
<sign><![CDATA[BA1747250902FEF13BE95757BB856CE1]]></sign>
<time_end><![CDATA[20170624164606]]></time_end>
<total_fee>1</total_fee>
<trade_type><![CDATA[JSAPI]]></trade_type>
<transaction_id><![CDATA[4009652001201706247214824262]]></transaction_id>
</xml>


执行日期：2017-06-24 18：53：17
【支付成功】:
<xml><appid><![CDATA[wx82f96da4bdf876f7]]></appid>
<bank_type><![CDATA[CMB_CREDIT]]></bank_type>
<cash_fee><![CDATA[1]]></cash_fee>
<fee_type><![CDATA[CNY]]></fee_type>
<is_subscribe><![CDATA[Y]]></is_subscribe>
<mch_id><![CDATA[1467802102]]></mch_id>
<nonce_str><![CDATA[bt0cd546v6ysyt12vsc7nb0mllsffqe8]]></nonce_str>
<openid><![CDATA[oZpwf01K2-n9c7v9wH1Tg_sb4bRc]]></openid>
<out_trade_no><![CDATA[G608905744148561]]></out_trade_no>
<result_code><![CDATA[SUCCESS]]></result_code>
<return_code><![CDATA[SUCCESS]]></return_code>
<sign><![CDATA[190AF0FD29F982EBE987CAAC883F710D]]></sign>
<time_end><![CDATA[20170624164901]]></time_end>
<total_fee>1</total_fee>
<trade_type><![CDATA[JSAPI]]></trade_type>
<transaction_id><![CDATA[4009652001201706247212270230]]></transaction_id>
</xml>


执行日期：2017-06-24 18：55：01
【支付成功】:
<xml><appid><![CDATA[wx82f96da4bdf876f7]]></appid>
<bank_type><![CDATA[CMB_CREDIT]]></bank_type>
<cash_fee><![CDATA[1]]></cash_fee>
<fee_type><![CDATA[CNY]]></fee_type>
<is_subscribe><![CDATA[Y]]></is_subscribe>
<mch_id><![CDATA[1467802102]]></mch_id>
<nonce_str><![CDATA[90ud24jeupmn228oo5qg484ng698hklo]]></nonce_str>
<openid><![CDATA[oZpwf01K2-n9c7v9wH1Tg_sb4bRc]]></openid>
<out_trade_no><![CDATA[G6089057441456781498290647]]></out_trade_no>
<result_code><![CDATA[SUCCESS]]></result_code>
<return_code><![CDATA[SUCCESS]]></return_code>
<sign><![CDATA[C9B26E5AB246204B1A766EBD4A62E4EE]]></sign>
<time_end><![CDATA[20170624155052]]></time_end>
<total_fee>1</total_fee>
<trade_type><![CDATA[JSAPI]]></trade_type>
<transaction_id><![CDATA[4009652001201706247204293469]]></transaction_id>
</xml>


执行日期：2017-06-24 18：57：41
【支付成功】:
<xml><appid><![CDATA[wx82f96da4bdf876f7]]></appid>
<bank_type><![CDATA[CMB_CREDIT]]></bank_type>
<cash_fee><![CDATA[1]]></cash_fee>
<fee_type><![CDATA[CNY]]></fee_type>
<is_subscribe><![CDATA[Y]]></is_subscribe>
<mch_id><![CDATA[1467802102]]></mch_id>
<nonce_str><![CDATA[r1ipmg9mmkyl63tzn7w30de2tp2ds7xg]]></nonce_str>
<openid><![CDATA[oZpwf01K2-n9c7v9wH1Tg_sb4bRc]]></openid>
<out_trade_no><![CDATA[G6089057441456781498290803]]></out_trade_no>
<result_code><![CDATA[SUCCESS]]></result_code>
<return_code><![CDATA[SUCCESS]]></return_code>
<sign><![CDATA[3C9E9DABF1E28182B951DF024FFDBA57]]></sign>
<time_end><![CDATA[20170624155326]]></time_end>
<total_fee>1</total_fee>
<trade_type><![CDATA[JSAPI]]></trade_type>
<transaction_id><![CDATA[4009652001201706247208411298]]></transaction_id>
</xml>


执行日期：2017-06-24 18：59：25
【支付成功】:
<xml><appid><![CDATA[wx82f96da4bdf876f7]]></appid>
<bank_type><![CDATA[CMB_CREDIT]]></bank_type>
<cash_fee><![CDATA[1]]></cash_fee>
<fee_type><![CDATA[CNY]]></fee_type>
<is_subscribe><![CDATA[Y]]></is_subscribe>
<mch_id><![CDATA[1467802102]]></mch_id>
<nonce_str><![CDATA[quhvxqjj204yd4ao1y7s75ds0suyahma]]></nonce_str>
<openid><![CDATA[oZpwf01K2-n9c7v9wH1Tg_sb4bRc]]></openid>
<out_trade_no><![CDATA[G6089057441456781498290909]]></out_trade_no>
<result_code><![CDATA[SUCCESS]]></result_code>
<return_code><![CDATA[SUCCESS]]></return_code>
<sign><![CDATA[E0201132C50AA0124970C7D1C785B5EC]]></sign>
<time_end><![CDATA[20170624155512]]></time_end>
<total_fee>1</total_fee>
<trade_type><![CDATA[JSAPI]]></trade_type>
<transaction_id><![CDATA[4009652001201706247210406154]]></transaction_id>
</xml>


执行日期：2017-06-24 19：07：10
【支付成功】:
<xml><appid><![CDATA[wx82f96da4bdf876f7]]></appid>
<bank_type><![CDATA[CMB_CREDIT]]></bank_type>
<cash_fee><![CDATA[1]]></cash_fee>
<fee_type><![CDATA[CNY]]></fee_type>
<is_subscribe><![CDATA[Y]]></is_subscribe>
<mch_id><![CDATA[1467802102]]></mch_id>
<nonce_str><![CDATA[56vve1fe8yjzgbsf3l0fa7bp0p2kka0l]]></nonce_str>
<openid><![CDATA[oZpwf01K2-n9c7v9wH1Tg_sb4bRc]]></openid>
<out_trade_no><![CDATA[G6089057441456781498291376]]></out_trade_no>
<result_code><![CDATA[SUCCESS]]></result_code>
<return_code><![CDATA[SUCCESS]]></return_code>
<sign><![CDATA[4AC6CF1A2281C208D4B9E2A26461427C]]></sign>
<time_end><![CDATA[20170624160300]]></time_end>
<total_fee>1</total_fee>
<trade_type><![CDATA[JSAPI]]></trade_type>
<transaction_id><![CDATA[4009652001201706247210616392]]></transaction_id>
</xml>


执行日期：2017-06-24 19：09：53
【支付成功】:
<xml><appid><![CDATA[wx82f96da4bdf876f7]]></appid>
<bank_type><![CDATA[CMB_CREDIT]]></bank_type>
<cash_fee><![CDATA[1]]></cash_fee>
<fee_type><![CDATA[CNY]]></fee_type>
<is_subscribe><![CDATA[Y]]></is_subscribe>
<mch_id><![CDATA[1467802102]]></mch_id>
<nonce_str><![CDATA[20hg1tc5xax8tpvznmt5k9wwb44852q0]]></nonce_str>
<openid><![CDATA[oZpwf01K2-n9c7v9wH1Tg_sb4bRc]]></openid>
<out_trade_no><![CDATA[G6089057441456781498291537]]></out_trade_no>
<result_code><![CDATA[SUCCESS]]></result_code>
<return_code><![CDATA[SUCCESS]]></return_code>
<sign><![CDATA[7D6972B05C5F7C45F6D75C0C01B1221A]]></sign>
<time_end><![CDATA[20170624160540]]></time_end>
<total_fee>1</total_fee>
<trade_type><![CDATA[JSAPI]]></trade_type>
<transaction_id><![CDATA[4009652001201706247212730007]]></transaction_id>
</xml>


执行日期：2017-06-24 19：11：18
【支付成功】:
<xml><appid><![CDATA[wx82f96da4bdf876f7]]></appid>
<bank_type><![CDATA[CMB_CREDIT]]></bank_type>
<cash_fee><![CDATA[1]]></cash_fee>
<fee_type><![CDATA[CNY]]></fee_type>
<is_subscribe><![CDATA[Y]]></is_subscribe>
<mch_id><![CDATA[1467802102]]></mch_id>
<nonce_str><![CDATA[asnz60a19zm3jhyrfst4m0tnf86s3n47]]></nonce_str>
<openid><![CDATA[oZpwf01K2-n9c7v9wH1Tg_sb4bRc]]></openid>
<out_trade_no><![CDATA[G6089057441456781498291621]]></out_trade_no>
<result_code><![CDATA[SUCCESS]]></result_code>
<return_code><![CDATA[SUCCESS]]></return_code>
<sign><![CDATA[25B23B494ED5464834202DFB19A05CA4]]></sign>
<time_end><![CDATA[20170624160705]]></time_end>
<total_fee>1</total_fee>
<trade_type><![CDATA[JSAPI]]></trade_type>
<transaction_id><![CDATA[4009652001201706247208931315]]></transaction_id>
</xml>


执行日期：2017-06-24 19：13：11
【支付成功】:
<xml><appid><![CDATA[wx82f96da4bdf876f7]]></appid>
<bank_type><![CDATA[CMB_CREDIT]]></bank_type>
<cash_fee><![CDATA[1]]></cash_fee>
<fee_type><![CDATA[CNY]]></fee_type>
<is_subscribe><![CDATA[Y]]></is_subscribe>
<mch_id><![CDATA[1467802102]]></mch_id>
<nonce_str><![CDATA[8h0wucktqtn9kqunlnzguho15ktf1y1x]]></nonce_str>
<openid><![CDATA[oZpwf01K2-n9c7v9wH1Tg_sb4bRc]]></openid>
<out_trade_no><![CDATA[G6089057441456781498291732]]></out_trade_no>
<result_code><![CDATA[SUCCESS]]></result_code>
<return_code><![CDATA[SUCCESS]]></return_code>
<sign><![CDATA[41582E05434807AE4C7FCC0F477B82A3]]></sign>
<time_end><![CDATA[20170624160856]]></time_end>
<total_fee>1</total_fee>
<trade_type><![CDATA[JSAPI]]></trade_type>
<transaction_id><![CDATA[4009652001201706247208984162]]></transaction_id>
</xml>


执行日期：2017-06-24 19：17：56
【支付成功】:
<xml><appid><![CDATA[wx82f96da4bdf876f7]]></appid>
<bank_type><![CDATA[CMB_CREDIT]]></bank_type>
<cash_fee><![CDATA[1]]></cash_fee>
<fee_type><![CDATA[CNY]]></fee_type>
<is_subscribe><![CDATA[Y]]></is_subscribe>
<mch_id><![CDATA[1467802102]]></mch_id>
<nonce_str><![CDATA[ytiq6ovzamzmusxxq6bfrbxfolvphubf]]></nonce_str>
<openid><![CDATA[oZpwf01K2-n9c7v9wH1Tg_sb4bRc]]></openid>
<out_trade_no><![CDATA[G6089057441456781498292018]]></out_trade_no>
<result_code><![CDATA[SUCCESS]]></result_code>
<return_code><![CDATA[SUCCESS]]></return_code>
<sign><![CDATA[67CC748FB4DE39D644AD53F2B010CD07]]></sign>
<time_end><![CDATA[20170624161342]]></time_end>
<total_fee>1</total_fee>
<trade_type><![CDATA[JSAPI]]></trade_type>
<transaction_id><![CDATA[4009652001201706247209164716]]></transaction_id>
</xml>


执行日期：2017-06-24 19：21：57
【支付成功】:
<xml><appid><![CDATA[wx82f96da4bdf876f7]]></appid>
<bank_type><![CDATA[CMB_CREDIT]]></bank_type>
<cash_fee><![CDATA[1]]></cash_fee>
<fee_type><![CDATA[CNY]]></fee_type>
<is_subscribe><![CDATA[Y]]></is_subscribe>
<mch_id><![CDATA[1467802102]]></mch_id>
<nonce_str><![CDATA[2zbidroe56aomr7ihn1dyo171ibf9731]]></nonce_str>
<openid><![CDATA[oZpwf01K2-n9c7v9wH1Tg_sb4bRc]]></openid>
<out_trade_no><![CDATA[G6089057441456781498292261]]></out_trade_no>
<result_code><![CDATA[SUCCESS]]></result_code>
<return_code><![CDATA[SUCCESS]]></return_code>
<sign><![CDATA[BF08F40A3D7BFB4F52EA752A15610D7A]]></sign>
<time_end><![CDATA[20170624161745]]></time_end>
<total_fee>1</total_fee>
<trade_type><![CDATA[JSAPI]]></trade_type>
<transaction_id><![CDATA[4009652001201706247213121693]]></transaction_id>
</xml>


执行日期：2017-06-24 19：46：01
【支付成功】:
<xml><appid><![CDATA[wx82f96da4bdf876f7]]></appid>
<bank_type><![CDATA[CMB_CREDIT]]></bank_type>
<cash_fee><![CDATA[1]]></cash_fee>
<fee_type><![CDATA[CNY]]></fee_type>
<is_subscribe><![CDATA[Y]]></is_subscribe>
<mch_id><![CDATA[1467802102]]></mch_id>
<nonce_str><![CDATA[dfztp32tfm023q90bfcnqk4cbyv2ance]]></nonce_str>
<openid><![CDATA[oZpwf01K2-n9c7v9wH1Tg_sb4bRc]]></openid>
<out_trade_no><![CDATA[G6089057441456781498293700]]></out_trade_no>
<result_code><![CDATA[SUCCESS]]></result_code>
<return_code><![CDATA[SUCCESS]]></return_code>
<sign><![CDATA[9998221CC67099CCDF23FACDCE394AC4]]></sign>
<time_end><![CDATA[20170624164145]]></time_end>
<total_fee>1</total_fee>
<trade_type><![CDATA[JSAPI]]></trade_type>
<transaction_id><![CDATA[4009652001201706247214650599]]></transaction_id>
</xml>


执行日期：2017-06-24 19：48：20
【支付成功】:
<xml><appid><![CDATA[wx82f96da4bdf876f7]]></appid>
<bank_type><![CDATA[CMB_CREDIT]]></bank_type>
<cash_fee><![CDATA[1]]></cash_fee>
<fee_type><![CDATA[CNY]]></fee_type>
<is_subscribe><![CDATA[Y]]></is_subscribe>
<mch_id><![CDATA[1467802102]]></mch_id>
<nonce_str><![CDATA[wbw7ezkfzmc5y935lu1t66xmcfnt9uj9]]></nonce_str>
<openid><![CDATA[oZpwf01K2-n9c7v9wH1Tg_sb4bRc]]></openid>
<out_trade_no><![CDATA[G6089057441456781498293843]]></out_trade_no>
<result_code><![CDATA[SUCCESS]]></result_code>
<return_code><![CDATA[SUCCESS]]></return_code>
<sign><![CDATA[DC3EBFAB2F654D85F45E6223B44DA540]]></sign>
<time_end><![CDATA[20170624164406]]></time_end>
<total_fee>1</total_fee>
<trade_type><![CDATA[JSAPI]]></trade_type>
<transaction_id><![CDATA[4009652001201706247214026530]]></transaction_id>
</xml>


执行日期：2017-06-24 19：50：22
【支付成功】:
<xml><appid><![CDATA[wx82f96da4bdf876f7]]></appid>
<bank_type><![CDATA[CMB_CREDIT]]></bank_type>
<cash_fee><![CDATA[1]]></cash_fee>
<fee_type><![CDATA[CNY]]></fee_type>
<is_subscribe><![CDATA[Y]]></is_subscribe>
<mch_id><![CDATA[1467802102]]></mch_id>
<nonce_str><![CDATA[2nz7oxbdcfp94vgrlnkrwolaujqbd4xe]]></nonce_str>
<openid><![CDATA[oZpwf01K2-n9c7v9wH1Tg_sb4bRc]]></openid>
<out_trade_no><![CDATA[G608905744148565]]></out_trade_no>
<result_code><![CDATA[SUCCESS]]></result_code>
<return_code><![CDATA[SUCCESS]]></return_code>
<sign><![CDATA[BA1747250902FEF13BE95757BB856CE1]]></sign>
<time_end><![CDATA[20170624164606]]></time_end>
<total_fee>1</total_fee>
<trade_type><![CDATA[JSAPI]]></trade_type>
<transaction_id><![CDATA[4009652001201706247214824262]]></transaction_id>
</xml>


执行日期：2017-06-24 19：53：18
【支付成功】:
<xml><appid><![CDATA[wx82f96da4bdf876f7]]></appid>
<bank_type><![CDATA[CMB_CREDIT]]></bank_type>
<cash_fee><![CDATA[1]]></cash_fee>
<fee_type><![CDATA[CNY]]></fee_type>
<is_subscribe><![CDATA[Y]]></is_subscribe>
<mch_id><![CDATA[1467802102]]></mch_id>
<nonce_str><![CDATA[bt0cd546v6ysyt12vsc7nb0mllsffqe8]]></nonce_str>
<openid><![CDATA[oZpwf01K2-n9c7v9wH1Tg_sb4bRc]]></openid>
<out_trade_no><![CDATA[G608905744148561]]></out_trade_no>
<result_code><![CDATA[SUCCESS]]></result_code>
<return_code><![CDATA[SUCCESS]]></return_code>
<sign><![CDATA[190AF0FD29F982EBE987CAAC883F710D]]></sign>
<time_end><![CDATA[20170624164901]]></time_end>
<total_fee>1</total_fee>
<trade_type><![CDATA[JSAPI]]></trade_type>
<transaction_id><![CDATA[4009652001201706247212270230]]></transaction_id>
</xml>


执行日期：2017-06-29 18：11：58
【支付成功】:
<xml><appid><![CDATA[wx82f96da4bdf876f7]]></appid>
<bank_type><![CDATA[CMB_CREDIT]]></bank_type>
<cash_fee><![CDATA[1]]></cash_fee>
<fee_type><![CDATA[CNY]]></fee_type>
<is_subscribe><![CDATA[Y]]></is_subscribe>
<mch_id><![CDATA[1467802102]]></mch_id>
<nonce_str><![CDATA[jaj6fgpj7hnu11y0kgdsw6d5egyhudw7]]></nonce_str>
<openid><![CDATA[oZpwf01K2-n9c7v9wH1Tg_sb4bRc]]></openid>
<out_trade_no><![CDATA[G608905744148231]]></out_trade_no>
<result_code><![CDATA[SUCCESS]]></result_code>
<return_code><![CDATA[SUCCESS]]></return_code>
<sign><![CDATA[8783EC58046319FED9ABA088667468D6]]></sign>
<time_end><![CDATA[20170629181157]]></time_end>
<total_fee>1</total_fee>
<trade_type><![CDATA[JSAPI]]></trade_type>
<transaction_id><![CDATA[4009652001201706298000789671]]></transaction_id>
</xml>


执行日期：2017-06-29 18：12：08
【支付成功】:
<xml><appid><![CDATA[wx82f96da4bdf876f7]]></appid>
<bank_type><![CDATA[CMB_CREDIT]]></bank_type>
<cash_fee><![CDATA[1]]></cash_fee>
<fee_type><![CDATA[CNY]]></fee_type>
<is_subscribe><![CDATA[Y]]></is_subscribe>
<mch_id><![CDATA[1467802102]]></mch_id>
<nonce_str><![CDATA[jaj6fgpj7hnu11y0kgdsw6d5egyhudw7]]></nonce_str>
<openid><![CDATA[oZpwf01K2-n9c7v9wH1Tg_sb4bRc]]></openid>
<out_trade_no><![CDATA[G608905744148231]]></out_trade_no>
<result_code><![CDATA[SUCCESS]]></result_code>
<return_code><![CDATA[SUCCESS]]></return_code>
<sign><![CDATA[8783EC58046319FED9ABA088667468D6]]></sign>
<time_end><![CDATA[20170629181157]]></time_end>
<total_fee>1</total_fee>
<trade_type><![CDATA[JSAPI]]></trade_type>
<transaction_id><![CDATA[4009652001201706298000789671]]></transaction_id>
</xml>


执行日期：2017-06-29 18：12：25
【支付成功】:
<xml><appid><![CDATA[wx82f96da4bdf876f7]]></appid>
<bank_type><![CDATA[CMB_CREDIT]]></bank_type>
<cash_fee><![CDATA[1]]></cash_fee>
<fee_type><![CDATA[CNY]]></fee_type>
<is_subscribe><![CDATA[Y]]></is_subscribe>
<mch_id><![CDATA[1467802102]]></mch_id>
<nonce_str><![CDATA[jaj6fgpj7hnu11y0kgdsw6d5egyhudw7]]></nonce_str>
<openid><![CDATA[oZpwf01K2-n9c7v9wH1Tg_sb4bRc]]></openid>
<out_trade_no><![CDATA[G608905744148231]]></out_trade_no>
<result_code><![CDATA[SUCCESS]]></result_code>
<return_code><![CDATA[SUCCESS]]></return_code>
<sign><![CDATA[8783EC58046319FED9ABA088667468D6]]></sign>
<time_end><![CDATA[20170629181157]]></time_end>
<total_fee>1</total_fee>
<trade_type><![CDATA[JSAPI]]></trade_type>
<transaction_id><![CDATA[4009652001201706298000789671]]></transaction_id>
</xml>


执行日期：2017-06-29 18：12：56
【支付成功】:
<xml><appid><![CDATA[wx82f96da4bdf876f7]]></appid>
<bank_type><![CDATA[CMB_CREDIT]]></bank_type>
<cash_fee><![CDATA[1]]></cash_fee>
<fee_type><![CDATA[CNY]]></fee_type>
<is_subscribe><![CDATA[Y]]></is_subscribe>
<mch_id><![CDATA[1467802102]]></mch_id>
<nonce_str><![CDATA[jaj6fgpj7hnu11y0kgdsw6d5egyhudw7]]></nonce_str>
<openid><![CDATA[oZpwf01K2-n9c7v9wH1Tg_sb4bRc]]></openid>
<out_trade_no><![CDATA[G608905744148231]]></out_trade_no>
<result_code><![CDATA[SUCCESS]]></result_code>
<return_code><![CDATA[SUCCESS]]></return_code>
<sign><![CDATA[8783EC58046319FED9ABA088667468D6]]></sign>
<time_end><![CDATA[20170629181157]]></time_end>
<total_fee>1</total_fee>
<trade_type><![CDATA[JSAPI]]></trade_type>
<transaction_id><![CDATA[4009652001201706298000789671]]></transaction_id>
</xml>


执行日期：2017-06-29 18：15：58
【支付成功】:
<xml><appid><![CDATA[wx82f96da4bdf876f7]]></appid>
<bank_type><![CDATA[CMB_CREDIT]]></bank_type>
<cash_fee><![CDATA[1]]></cash_fee>
<fee_type><![CDATA[CNY]]></fee_type>
<is_subscribe><![CDATA[Y]]></is_subscribe>
<mch_id><![CDATA[1467802102]]></mch_id>
<nonce_str><![CDATA[jaj6fgpj7hnu11y0kgdsw6d5egyhudw7]]></nonce_str>
<openid><![CDATA[oZpwf01K2-n9c7v9wH1Tg_sb4bRc]]></openid>
<out_trade_no><![CDATA[G608905744148231]]></out_trade_no>
<result_code><![CDATA[SUCCESS]]></result_code>
<return_code><![CDATA[SUCCESS]]></return_code>
<sign><![CDATA[8783EC58046319FED9ABA088667468D6]]></sign>
<time_end><![CDATA[20170629181157]]></time_end>
<total_fee>1</total_fee>
<trade_type><![CDATA[JSAPI]]></trade_type>
<transaction_id><![CDATA[4009652001201706298000789671]]></transaction_id>
</xml>


执行日期：2017-06-29 18：46：00
【支付成功】:
<xml><appid><![CDATA[wx82f96da4bdf876f7]]></appid>
<bank_type><![CDATA[CMB_CREDIT]]></bank_type>
<cash_fee><![CDATA[1]]></cash_fee>
<fee_type><![CDATA[CNY]]></fee_type>
<is_subscribe><![CDATA[Y]]></is_subscribe>
<mch_id><![CDATA[1467802102]]></mch_id>
<nonce_str><![CDATA[jaj6fgpj7hnu11y0kgdsw6d5egyhudw7]]></nonce_str>
<openid><![CDATA[oZpwf01K2-n9c7v9wH1Tg_sb4bRc]]></openid>
<out_trade_no><![CDATA[G608905744148231]]></out_trade_no>
<result_code><![CDATA[SUCCESS]]></result_code>
<return_code><![CDATA[SUCCESS]]></return_code>
<sign><![CDATA[8783EC58046319FED9ABA088667468D6]]></sign>
<time_end><![CDATA[20170629181157]]></time_end>
<total_fee>1</total_fee>
<trade_type><![CDATA[JSAPI]]></trade_type>
<transaction_id><![CDATA[4009652001201706298000789671]]></transaction_id>
</xml>


执行日期：2017-06-29 19：16：02
【支付成功】:
<xml><appid><![CDATA[wx82f96da4bdf876f7]]></appid>
<bank_type><![CDATA[CMB_CREDIT]]></bank_type>
<cash_fee><![CDATA[1]]></cash_fee>
<fee_type><![CDATA[CNY]]></fee_type>
<is_subscribe><![CDATA[Y]]></is_subscribe>
<mch_id><![CDATA[1467802102]]></mch_id>
<nonce_str><![CDATA[jaj6fgpj7hnu11y0kgdsw6d5egyhudw7]]></nonce_str>
<openid><![CDATA[oZpwf01K2-n9c7v9wH1Tg_sb4bRc]]></openid>
<out_trade_no><![CDATA[G608905744148231]]></out_trade_no>
<result_code><![CDATA[SUCCESS]]></result_code>
<return_code><![CDATA[SUCCESS]]></return_code>
<sign><![CDATA[8783EC58046319FED9ABA088667468D6]]></sign>
<time_end><![CDATA[20170629181157]]></time_end>
<total_fee>1</total_fee>
<trade_type><![CDATA[JSAPI]]></trade_type>
<transaction_id><![CDATA[4009652001201706298000789671]]></transaction_id>
</xml>


执行日期：2017-06-29 19：46：04
【支付成功】:
<xml><appid><![CDATA[wx82f96da4bdf876f7]]></appid>
<bank_type><![CDATA[CMB_CREDIT]]></bank_type>
<cash_fee><![CDATA[1]]></cash_fee>
<fee_type><![CDATA[CNY]]></fee_type>
<is_subscribe><![CDATA[Y]]></is_subscribe>
<mch_id><![CDATA[1467802102]]></mch_id>
<nonce_str><![CDATA[jaj6fgpj7hnu11y0kgdsw6d5egyhudw7]]></nonce_str>
<openid><![CDATA[oZpwf01K2-n9c7v9wH1Tg_sb4bRc]]></openid>
<out_trade_no><![CDATA[G608905744148231]]></out_trade_no>
<result_code><![CDATA[SUCCESS]]></result_code>
<return_code><![CDATA[SUCCESS]]></return_code>
<sign><![CDATA[8783EC58046319FED9ABA088667468D6]]></sign>
<time_end><![CDATA[20170629181157]]></time_end>
<total_fee>1</total_fee>
<trade_type><![CDATA[JSAPI]]></trade_type>
<transaction_id><![CDATA[4009652001201706298000789671]]></transaction_id>
</xml>


执行日期：2017-06-29 20：16：05
【支付成功】:
<xml><appid><![CDATA[wx82f96da4bdf876f7]]></appid>
<bank_type><![CDATA[CMB_CREDIT]]></bank_type>
<cash_fee><![CDATA[1]]></cash_fee>
<fee_type><![CDATA[CNY]]></fee_type>
<is_subscribe><![CDATA[Y]]></is_subscribe>
<mch_id><![CDATA[1467802102]]></mch_id>
<nonce_str><![CDATA[jaj6fgpj7hnu11y0kgdsw6d5egyhudw7]]></nonce_str>
<openid><![CDATA[oZpwf01K2-n9c7v9wH1Tg_sb4bRc]]></openid>
<out_trade_no><![CDATA[G608905744148231]]></out_trade_no>
<result_code><![CDATA[SUCCESS]]></result_code>
<return_code><![CDATA[SUCCESS]]></return_code>
<sign><![CDATA[8783EC58046319FED9ABA088667468D6]]></sign>
<time_end><![CDATA[20170629181157]]></time_end>
<total_fee>1</total_fee>
<trade_type><![CDATA[JSAPI]]></trade_type>
<transaction_id><![CDATA[4009652001201706298000789671]]></transaction_id>
</xml>


执行日期：2017-06-29 21：16：07
【支付成功】:
<xml><appid><![CDATA[wx82f96da4bdf876f7]]></appid>
<bank_type><![CDATA[CMB_CREDIT]]></bank_type>
<cash_fee><![CDATA[1]]></cash_fee>
<fee_type><![CDATA[CNY]]></fee_type>
<is_subscribe><![CDATA[Y]]></is_subscribe>
<mch_id><![CDATA[1467802102]]></mch_id>
<nonce_str><![CDATA[jaj6fgpj7hnu11y0kgdsw6d5egyhudw7]]></nonce_str>
<openid><![CDATA[oZpwf01K2-n9c7v9wH1Tg_sb4bRc]]></openid>
<out_trade_no><![CDATA[G608905744148231]]></out_trade_no>
<result_code><![CDATA[SUCCESS]]></result_code>
<return_code><![CDATA[SUCCESS]]></return_code>
<sign><![CDATA[8783EC58046319FED9ABA088667468D6]]></sign>
<time_end><![CDATA[20170629181157]]></time_end>
<total_fee>1</total_fee>
<trade_type><![CDATA[JSAPI]]></trade_type>
<transaction_id><![CDATA[4009652001201706298000789671]]></transaction_id>
</xml>


